login failed!
Tue Jun  6 23:00:07 2023

login failed!
Tue Jun  6 23:28:23 2023

login failed!
Tue Jun  6 23:40:18 2023

login failed!
Tue Jun  6 23:41:27 2023

login failed!
Tue Jun  6 23:41:34 2023

login failed!
Tue Jun  6 23:42:14 2023

login failed!
Tue Jun  6 23:42:22 2023

login failed!
Tue Jun  6 23:46:22 2023

login failed!
Tue Jun  6 23:46:55 2023

login failed!
Tue Jun  6 23:47:08 2023

login failed!
Tue Jun  6 23:56:27 2023

login failed!
Wed Jun  7 00:00:15 2023

login failed!
Wed Jun  7 00:18:17 2023

login failed!
Wed Jun  7 00:43:19 2023

login failed!
Wed Jun  7 00:52:12 2023

login failed!
Wed Jun  7 01:17:15 2023

login failed!
Wed Jun  7 01:24:08 2023

login failed!
Wed Jun  7 01:28:29 2023

login success!
Wed Jun  7 01:32:04 2023

start socket
Wed Jun  7 01:32:04 2023

connect error
Wed Jun  7 01:32:04 2023

start socket
Wed Jun  7 16:01:24 2023

connect error
Wed Jun  7 16:01:24 2023

start socket
Wed Jun  7 16:12:38 2023

连接成功
Wed Jun  7 16:12:38 2023

start socket
Wed Jun  7 16:12:58 2023

连接成功
Wed Jun  7 16:12:58 2023

start socket
Wed Jun  7 16:13:41 2023

连接成功
Wed Jun  7 16:13:41 2023

register success!
Wed Jun  7 18:01:07 2023

login success!
Wed Jun  7 18:02:20 2023

start socket
Wed Jun  7 18:02:20 2023

connect error
Wed Jun  7 18:02:20 2023

register success!
Wed Jun  7 18:45:35 2023

register success!
Wed Jun  7 18:50:08 2023

register success!
Wed Jun  7 18:52:17 2023

register success!
Wed Jun  7 18:56:05 2023

register success!
Wed Jun  7 19:11:01 2023

register success!
Wed Jun  7 19:32:03 2023

login success!
Wed Jun  7 19:32:16 2023

start socket
Wed Jun  7 19:32:16 2023

connect error
Wed Jun  7 19:32:16 2023

login success!
Wed Jun  7 19:32:46 2023

start socket
Wed Jun  7 19:32:46 2023

连接成功
Wed Jun  7 19:32:46 2023

login success!
Wed Jun  7 19:33:24 2023

start socket
Wed Jun  7 19:33:24 2023

连接成功
Wed Jun  7 19:33:24 2023

start socket
Wed Jun  7 19:49:25 2023

connect error
Wed Jun  7 19:49:25 2023

start socket
Wed Jun  7 20:28:03 2023

connect error
Wed Jun  7 20:28:03 2023

login success!
Wed Jun  7 20:28:27 2023

start socket
Wed Jun  7 20:28:27 2023

connect error
Wed Jun  7 20:28:27 2023

login success!
Wed Jun  7 20:28:46 2023

start socket
Wed Jun  7 20:28:46 2023

连接成功
Wed Jun  7 20:28:46 2023

